#
# There is insufficient memory for the Java Runtime Environment to continue.
# Native memory allocation (malloc) failed to allocate 32744 bytes. Error detail: ChunkPool::allocate
# Possible reasons:
#   The system is out of physical RAM or swap space
#   This process is running with CompressedOops enabled, and the Java Heap may be blocking the growth of the native heap
# Possible solutions:
#   Reduce memory load on the system
#   Increase physical memory or swap space
#   Check if swap backing store is full
#   Decrease Java heap size (-Xmx/-Xms)
#   Decrease number of Java threads
#   Decrease Java thread stack sizes (-Xss)
#   Set larger code cache with -XX:ReservedCodeCacheSize=
#   JVM is running with Unscaled Compressed Oops mode in which the Java heap is
#     placed in the first 4GB address space. The Java Heap base address is the
#     maximum limit for the native heap growth. Please use -XX:HeapBaseMinAddress
#     to set the Java Heap base and to place the Java Heap above 4GB virtual address.
# This output file may be truncated or incomplete.
#
#  Out of Memory Error (arena.cpp:79), pid=8848, tid=11440
#
# JRE version: OpenJDK Runtime Environment OpenLogic-OpenJDK (17.0.12+7) (build 17.0.12+7-adhoc..jdk17u)
# Java VM: OpenJDK 64-Bit Server VM OpenLogic-OpenJDK (17.0.12+7-adhoc..jdk17u, mixed mode, sharing, tiered, compressed oops, compressed class ptrs, g1 gc, windows-amd64)
# No core dump will be written. Minidumps are not enabled by default on client versions of Windows
#

---------------  S U M M A R Y ------------

Command Line: c:\Users\niles\.cursor\extensions\dontshavetheyak.groovy-guru-0.6.0-universal\bin\groovy-language-server-all.jar

Host: AMD Ryzen 5 5600H with Radeon Graphics         , 12 cores, 7G,  Windows 11 , 64 bit Build 22621 (10.0.22621.5415)
Time: Sat Jan 10 23:51:12 2026 India Standard Time elapsed time: 3626.536696 seconds (0d 1h 0m 26s)

---------------  T H R E A D  ---------------

Current thread (0x000001b42be5c490):  JavaThread "C2 CompilerThread0" daemon [_thread_in_native, id=11440, stack(0x00000043a8d00000,0x00000043a8e00000)]


Current CompileTask:
C2:3626536 3644       4       org.apache.groovy.parser.antlr4.util.PositionConfigureUtils::configureAST (39 bytes)

Stack: [0x00000043a8d00000,0x00000043a8e00000]
Native frames: (J=compiled Java code, j=interpreted, Vv=VM code, C=native code)
V  [jvm.dll+0x67f4f9]
V  [jvm.dll+0x836eaa]
V  [jvm.dll+0x83896e]
V  [jvm.dll+0x838fd3]
V  [jvm.dll+0x247f6f]
V  [jvm.dll+0xacbd1]
V  [jvm.dll+0xad01c]
V  [jvm.dll+0x1baf86]
V  [jvm.dll+0x363b8e]
V  [jvm.dll+0x36402c]
V  [jvm.dll+0x363e10]
V  [jvm.dll+0x2d4749]
V  [jvm.dll+0x644947]
V  [jvm.dll+0x1131ec]
V  [jvm.dll+0x341526]
V  [jvm.dll+0x69b0d6]
V  [jvm.dll+0x69a422]
V  [jvm.dll+0x6958ed]
V  [jvm.dll+0x68f9ab]
V  [jvm.dll+0x68efe7]
V  [jvm.dll+0x68ced2]
V  [jvm.dll+0x1a8a1c]
V  [jvm.dll+0x2ae784]
V  [jvm.dll+0x6979f5]
V  [jvm.dll+0x68f9ab]
V  [jvm.dll+0x68efe7]
V  [jvm.dll+0x68ced2]
V  [jvm.dll+0x1a8a1c]
V  [jvm.dll+0x2ae784]
V  [jvm.dll+0x6979f5]
V  [jvm.dll+0x68f9ab]
V  [jvm.dll+0x68efe7]
V  [jvm.dll+0x68ced2]
V  [jvm.dll+0x1a8a1c]
V  [jvm.dll+0x2ae784]
V  [jvm.dll+0x6979f5]
V  [jvm.dll+0x68f9ab]
V  [jvm.dll+0x68efe7]
V  [jvm.dll+0x68ced2]
V  [jvm.dll+0x1a8a1c]
V  [jvm.dll+0x2ae784]
V  [jvm.dll+0x6979f5]
V  [jvm.dll+0x68f9ab]
V  [jvm.dll+0x68efe7]
V  [jvm.dll+0x68ced2]
V  [jvm.dll+0x1a8a1c]
V  [jvm.dll+0x2ae784]
V  [jvm.dll+0x6979f5]
V  [jvm.dll+0x68f9ab]
V  [jvm.dll+0x68efe7]
V  [jvm.dll+0x68ced2]
V  [jvm.dll+0x1a8a1c]
V  [jvm.dll+0x2194f8]
V  [jvm.dll+0x1a57bd]
V  [jvm.dll+0x22966d]
V  [jvm.dll+0x22781c]
V  [jvm.dll+0x7ebec7]
V  [jvm.dll+0x7e62ac]
V  [jvm.dll+0x67e3c7]
C  [ucrtbase.dll+0x29333]
C  [KERNEL32.DLL+0x1259d]
C  [ntdll.dll+0x5af78]


---------------  P R O C E S S  ---------------

Threads class SMR info:
_java_thread_list=0x000001b4722129f0, length=13, elements={
0x000001b42be3c7a0, 0x000001b42be3d420, 0x000001b42be4e630, 0x000001b42be4f2b0,
0x000001b42be51980, 0x000001b42be57360, 0x000001b42be5c490, 0x000001b42be65fc0,
0x000001b42be5d370, 0x000001b471125fc0, 0x000001b47112f750, 0x000001b47139d020,
0x000001b40c814550
}

Java Threads: ( => current thread )
  0x000001b42be3c7a0 JavaThread "Reference Handler" daemon [_thread_blocked, id=19548, stack(0x00000043a8700000,0x00000043a8800000)]
  0x000001b42be3d420 JavaThread "Finalizer" daemon [_thread_blocked, id=20216, stack(0x00000043a8800000,0x00000043a8900000)]
  0x000001b42be4e630 JavaThread "Signal Dispatcher" daemon [_thread_blocked, id=6828, stack(0x00000043a8900000,0x00000043a8a00000)]
  0x000001b42be4f2b0 JavaThread "Attach Listener" daemon [_thread_blocked, id=2604, stack(0x00000043a8a00000,0x00000043a8b00000)]
  0x000001b42be51980 JavaThread "Service Thread" daemon [_thread_blocked, id=9504, stack(0x00000043a8b00000,0x00000043a8c00000)]
  0x000001b42be57360 JavaThread "Monitor Deflation Thread" daemon [_thread_blocked, id=6172, stack(0x00000043a8c00000,0x00000043a8d00000)]
=>0x000001b42be5c490 JavaThread "C2 CompilerThread0" daemon [_thread_in_native, id=11440, stack(0x00000043a8d00000,0x00000043a8e00000)]
  0x000001b42be65fc0 JavaThread "C1 CompilerThread0" daemon [_thread_blocked, id=18300, stack(0x00000043a8e00000,0x00000043a8f00000)]
  0x000001b42be5d370 JavaThread "Sweeper thread" daemon [_thread_blocked, id=13676, stack(0x00000043a8f00000,0x00000043a9000000)]
  0x000001b471125fc0 JavaThread "Notification Thread" daemon [_thread_blocked, id=13988, stack(0x00000043a9000000,0x00000043a9100000)]
  0x000001b47112f750 JavaThread "Common-Cleaner" daemon [_thread_blocked, id=3760, stack(0x00000043a9200000,0x00000043a9300000)]
  0x000001b47139d020 JavaThread "pool-1-thread-1" [_thread_in_native, id=5148, stack(0x00000043a9400000,0x00000043a9500000)]
  0x000001b40c814550 JavaThread "DestroyJavaVM" [_thread_blocked, id=13876, stack(0x00000043a8000000,0x00000043a8100000)]

Other Threads:
  0x000001b42be364e0 VMThread "VM Thread" [stack: 0x00000043a8600000,0x00000043a8700000] [id=13672]
  0x000001b47112b2f0 WatcherThread [stack: 0x00000043a9100000,0x00000043a9200000] [id=18832]
  0x000001b40c86a270 GCTaskThread "GC Thread#0" [stack: 0x00000043a8100000,0x00000043a8200000] [id=17336]
  0x000001b471684440 GCTaskThread "GC Thread#1" [stack: 0x00000043a9600000,0x00000043a9700000] [id=19464]
  0x000001b471684700 GCTaskThread "GC Thread#2" [stack: 0x00000043a9700000,0x00000043a9800000] [id=340]
  0x000001b4716849c0 GCTaskThread "GC Thread#3" [stack: 0x00000043a9800000,0x00000043a9900000] [id=2412]
  0x000001b471590470 GCTaskThread "GC Thread#4" [stack: 0x00000043a9900000,0x00000043a9a00000] [id=12944]
  0x000001b471590730 GCTaskThread "GC Thread#5" [stack: 0x00000043a9a00000,0x00000043a9b00000] [id=3672]
  0x000001b47179afc0 GCTaskThread "GC Thread#6" [stack: 0x00000043a9300000,0x00000043a9400000] [id=19228]
  0x000001b471797ca0 GCTaskThread "GC Thread#7" [stack: 0x00000043a9500000,0x00000043a9600000] [id=4696]
  0x000001b47193ae90 GCTaskThread "GC Thread#8" [stack: 0x00000043a9b00000,0x00000043a9c00000] [id=4300]
  0x000001b47108fd90 GCTaskThread "GC Thread#9" [stack: 0x00000043a7d00000,0x00000043a7e00000] [id=17660]
  0x000001b40c87a4a0 ConcurrentGCThread "G1 Main Marker" [stack: 0x00000043a8200000,0x00000043a8300000] [id=9804]
  0x000001b40c87aec0 ConcurrentGCThread "G1 Conc#0" [stack: 0x00000043a8300000,0x00000043a8400000] [id=10504]
  0x000001b40c8bd570 ConcurrentGCThread "G1 Refine#0" [stack: 0x00000043a8400000,0x00000043a8500000] [id=13284]
  0x000001b40c8bdea0 ConcurrentGCThread "G1 Service" [stack: 0x00000043a8500000,0x00000043a8600000] [id=17304]

Threads with active compile tasks:
C2 CompilerThread0  3626579 3644       4       org.apache.groovy.parser.antlr4.util.PositionConfigureUtils::configureAST (39 bytes)

VM state: not at safepoint (normal execution)

VM Mutex/Monitor currently owned by a thread: None

Heap address: 0x000000008a600000, size: 1882 MB, Compressed Oops mode: 32-bit

CDS archive(s) mapped at: [0x000001b42c000000-0x000001b42cbc0000-0x000001b42cbc0000), size 12320768, SharedBaseAddress: 0x000001b42c000000, ArchiveRelocationMode: 1.
Compressed class space mapped at: 0x000001b42d000000-0x000001b46d000000, reserved size: 1073741824
Narrow klass base: 0x000001b42c000000, Narrow klass shift: 0, Narrow klass range: 0x100000000

GC Precious Log:
 CPUs: 12 total, 12 available
 Memory: 7521M
 Large Page Support: Disabled
 NUMA Support: Disabled
 Compressed Oops: Enabled (32-bit)
 Heap Region Size: 1M
 Heap Min Capacity: 8M
 Heap Initial Capacity: 118M
 Heap Max Capacity: 1882M
 Pre-touch: Disabled
 Parallel Workers: 10
 Concurrent Workers: 3
 Concurrent Refinement Workers: 10
 Periodic GC: Disabled

Heap:
 garbage-first heap   total 120832K, used 75642K [0x000000008a600000, 0x0000000100000000)
  region size 1024K, 66 young (67584K), 1 survivors (1024K)
 Metaspace       used 13093K, committed 13376K, reserved 1114112K
  class space    used 1450K, committed 1600K, reserved 1048576K

Heap Regions: E=young(eden), S=young(survivor), O=old, HS=humongous(starts), HC=humongous(continues), CS=collection set, F=free, OA=open archive, CA=closed archive, TAMS=top-at-mark-start (previous, next)
|   0|0x000000008a600000, 0x000000008a700000, 0x000000008a700000|100%| O|  |TAMS 0x000000008a600000, 0x000000008a600000| Untracked 
|   1|0x000000008a700000, 0x000000008a800000, 0x000000008a800000|100%| O|  |TAMS 0x000000008a700000, 0x000000008a700000| Untracked 
|   2|0x000000008a800000, 0x000000008a900000, 0x000000008a900000|100%|HS|  |TAMS 0x000000008a800000, 0x000000008a800000| Complete 
|   3|0x000000008a900000, 0x000000008aa00000, 0x000000008aa00000|100%|HC|  |TAMS 0x000000008a900000, 0x000000008a900000| Complete 
|   4|0x000000008aa00000, 0x000000008ab00000, 0x000000008ab00000|100%| O|  |TAMS 0x000000008aa00000, 0x000000008aa00000| Untracked 
|   5|0x000000008ab00000, 0x000000008ac00000, 0x000000008ac00000|100%| O|  |TAMS 0x000000008ab00000, 0x000000008ab00000| Untracked 
|   6|0x000000008ac00000, 0x000000008ad00000, 0x000000008ad00000|100%| O|  |TAMS 0x000000008ac00000, 0x000000008ac00000| Untracked 
|   7|0x000000008ad00000, 0x000000008ae00000, 0x000000008ae00000|100%| O|  |TAMS 0x000000008ad00000, 0x000000008ad00000| Untracked 
|   8|0x000000008ae00000, 0x000000008af00000, 0x000000008af00000|100%| O|  |TAMS 0x000000008ae00000, 0x000000008ae00000| Untracked 
|   9|0x000000008af00000, 0x000000008afd4e00, 0x000000008b000000| 83%| O|  |TAMS 0x000000008af00000, 0x000000008af00000| Untracked 
|  10|0x000000008b000000, 0x000000008b000000, 0x000000008b100000|  0%| F|  |TAMS 0x000000008b000000, 0x000000008b000000| Untracked 
|  11|0x000000008b100000, 0x000000008b100000, 0x000000008b200000|  0%| F|  |TAMS 0x000000008b100000, 0x000000008b100000| Untracked 
|  12|0x000000008b200000, 0x000000008b200000, 0x000000008b300000|  0%| F|  |TAMS 0x000000008b200000, 0x000000008b200000| Untracked 
|  13|0x000000008b300000, 0x000000008b300000, 0x000000008b400000|  0%| F|  |TAMS 0x000000008b300000, 0x000000008b300000| Untracked 
|  14|0x000000008b400000, 0x000000008b400000, 0x000000008b500000|  0%| F|  |TAMS 0x000000008b400000, 0x000000008b400000| Untracked 
|  15|0x000000008b500000, 0x000000008b500000, 0x000000008b600000|  0%| F|  |TAMS 0x000000008b500000, 0x000000008b500000| Untracked 
|  16|0x000000008b600000, 0x000000008b600000, 0x000000008b700000|  0%| F|  |TAMS 0x000000008b600000, 0x000000008b600000| Untracked 
|  17|0x000000008b700000, 0x000000008b700000, 0x000000008b800000|  0%| F|  |TAMS 0x000000008b700000, 0x000000008b700000| Untracked 
|  18|0x000000008b800000, 0x000000008b800000, 0x000000008b900000|  0%| F|  |TAMS 0x000000008b800000, 0x000000008b800000| Untracked 
|  19|0x000000008b900000, 0x000000008b900000, 0x000000008ba00000|  0%| F|  |TAMS 0x000000008b900000, 0x000000008b900000| Untracked 
|  20|0x000000008ba00000, 0x000000008ba00000, 0x000000008bb00000|  0%| F|  |TAMS 0x000000008ba00000, 0x000000008ba00000| Untracked 
|  21|0x000000008bb00000, 0x000000008bb00000, 0x000000008bc00000|  0%| F|  |TAMS 0x000000008bb00000, 0x000000008bb00000| Untracked 
|  22|0x000000008bc00000, 0x000000008bc00000, 0x000000008bd00000|  0%| F|  |TAMS 0x000000008bc00000, 0x000000008bc00000| Untracked 
|  23|0x000000008bd00000, 0x000000008bd00000, 0x000000008be00000|  0%| F|  |TAMS 0x000000008bd00000, 0x000000008bd00000| Untracked 
|  24|0x000000008be00000, 0x000000008be00000, 0x000000008bf00000|  0%| F|  |TAMS 0x000000008be00000, 0x000000008be00000| Untracked 
|  25|0x000000008bf00000, 0x000000008bf00000, 0x000000008c000000|  0%| F|  |TAMS 0x000000008bf00000, 0x000000008bf00000| Untracked 
|  26|0x000000008c000000, 0x000000008c000000, 0x000000008c100000|  0%| F|  |TAMS 0x000000008c000000, 0x000000008c000000| Untracked 
|  27|0x000000008c100000, 0x000000008c100000, 0x000000008c200000|  0%| F|  |TAMS 0x000000008c100000, 0x000000008c100000| Untracked 
|  28|0x000000008c200000, 0x000000008c200000, 0x000000008c300000|  0%| F|  |TAMS 0x000000008c200000, 0x000000008c200000| Untracked 
|  29|0x000000008c300000, 0x000000008c300000, 0x000000008c400000|  0%| F|  |TAMS 0x000000008c300000, 0x000000008c300000| Untracked 
|  30|0x000000008c400000, 0x000000008c400000, 0x000000008c500000|  0%| F|  |TAMS 0x000000008c400000, 0x000000008c400000| Untracked 
|  31|0x000000008c500000, 0x000000008c500000, 0x000000008c600000|  0%| F|  |TAMS 0x000000008c500000, 0x000000008c500000| Untracked 
|  32|0x000000008c600000, 0x000000008c600000, 0x000000008c700000|  0%| F|  |TAMS 0x000000008c600000, 0x000000008c600000| Untracked 
|  33|0x000000008c700000, 0x000000008c700000, 0x000000008c800000|  0%| F|  |TAMS 0x000000008c700000, 0x000000008c700000| Untracked 
|  34|0x000000008c800000, 0x000000008c800000, 0x000000008c900000|  0%| F|  |TAMS 0x000000008c800000, 0x000000008c800000| Untracked 
|  35|0x000000008c900000, 0x000000008c900000, 0x000000008ca00000|  0%| F|  |TAMS 0x000000008c900000, 0x000000008c900000| Untracked 
|  36|0x000000008ca00000, 0x000000008ca00000, 0x000000008cb00000|  0%| F|  |TAMS 0x000000008ca00000, 0x000000008ca00000| Untracked 
|  37|0x000000008cb00000, 0x000000008cb00000, 0x000000008cc00000|  0%| F|  |TAMS 0x000000008cb00000, 0x000000008cb00000| Untracked 
|  38|0x000000008cc00000, 0x000000008cc00000, 0x000000008cd00000|  0%| F|  |TAMS 0x000000008cc00000, 0x000000008cc00000| Untracked 
|  39|0x000000008cd00000, 0x000000008cd00000, 0x000000008ce00000|  0%| F|  |TAMS 0x000000008cd00000, 0x000000008cd00000| Untracked 
|  40|0x000000008ce00000, 0x000000008ce00000, 0x000000008cf00000|  0%| F|  |TAMS 0x000000008ce00000, 0x000000008ce00000| Untracked 
|  41|0x000000008cf00000, 0x000000008cf00000, 0x000000008d000000|  0%| F|  |TAMS 0x000000008cf00000, 0x000000008cf00000| Untracked 
|  42|0x000000008d000000, 0x000000008d000000, 0x000000008d100000|  0%| F|  |TAMS 0x000000008d000000, 0x000000008d000000| Untracked 
|  43|0x000000008d100000, 0x000000008d100000, 0x000000008d200000|  0%| F|  |TAMS 0x000000008d100000, 0x000000008d100000| Untracked 
|  44|0x000000008d200000, 0x000000008d200000, 0x000000008d300000|  0%| F|  |TAMS 0x000000008d200000, 0x000000008d200000| Untracked 
|  45|0x000000008d300000, 0x000000008d300000, 0x000000008d400000|  0%| F|  |TAMS 0x000000008d300000, 0x000000008d300000| Untracked 
|  46|0x000000008d400000, 0x000000008d400000, 0x000000008d500000|  0%| F|  |TAMS 0x000000008d400000, 0x000000008d400000| Untracked 
|  47|0x000000008d500000, 0x000000008d509af8, 0x000000008d600000|  3%| S|CS|TAMS 0x000000008d500000, 0x000000008d500000| Complete 
|  48|0x000000008d600000, 0x000000008d600000, 0x000000008d700000|  0%| F|  |TAMS 0x000000008d600000, 0x000000008d600000| Untracked 
|  49|0x000000008d700000, 0x000000008d700000, 0x000000008d800000|  0%| F|  |TAMS 0x000000008d700000, 0x000000008d700000| Untracked 
|  50|0x000000008d800000, 0x000000008d800000, 0x000000008d900000|  0%| F|  |TAMS 0x000000008d800000, 0x000000008d800000| Untracked 
|  51|0x000000008d900000, 0x000000008d900000, 0x000000008da00000|  0%| F|  |TAMS 0x000000008d900000, 0x000000008d900000| Untracked 
|  52|0x000000008da00000, 0x000000008da00000, 0x000000008db00000|  0%| F|  |TAMS 0x000000008da00000, 0x000000008da00000| Untracked 
|  53|0x000000008db00000, 0x000000008db80800, 0x000000008dc00000| 50%| E|  |TAMS 0x000000008db00000, 0x000000008db00000| Complete 
|  54|0x000000008dc00000, 0x000000008dd00000, 0x000000008dd00000|100%| E|CS|TAMS 0x000000008dc00000, 0x000000008dc00000| Complete 
|  55|0x000000008dd00000, 0x000000008de00000, 0x000000008de00000|100%| E|CS|TAMS 0x000000008dd00000, 0x000000008dd00000| Complete 
|  56|0x000000008de00000, 0x000000008df00000, 0x000000008df00000|100%| E|CS|TAMS 0x000000008de00000, 0x000000008de00000| Complete 
|  57|0x000000008df00000, 0x000000008e000000, 0x000000008e000000|100%| E|CS|TAMS 0x000000008df00000, 0x000000008df00000| Complete 
|  58|0x000000008e000000, 0x000000008e100000, 0x000000008e100000|100%| E|CS|TAMS 0x000000008e000000, 0x000000008e000000| Complete 
|  59|0x000000008e100000, 0x000000008e200000, 0x000000008e200000|100%| E|CS|TAMS 0x000000008e100000, 0x000000008e100000| Complete 
|  60|0x000000008e200000, 0x000000008e300000, 0x000000008e300000|100%| E|CS|TAMS 0x000000008e200000, 0x000000008e200000| Complete 
|  61|0x000000008e300000, 0x000000008e400000, 0x000000008e400000|100%| E|CS|TAMS 0x000000008e300000, 0x000000008e300000| Complete 
|  62|0x000000008e400000, 0x000000008e500000, 0x000000008e500000|100%| E|CS|TAMS 0x000000008e400000, 0x000000008e400000| Complete 
|  63|0x000000008e500000, 0x000000008e600000, 0x000000008e600000|100%| E|CS|TAMS 0x000000008e500000, 0x000000008e500000| Complete 
|  64|0x000000008e600000, 0x000000008e700000, 0x000000008e700000|100%| E|CS|TAMS 0x000000008e600000, 0x000000008e600000| Complete 
|  65|0x000000008e700000, 0x000000008e800000, 0x000000008e800000|100%| E|CS|TAMS 0x000000008e700000, 0x000000008e700000| Complete 
|  66|0x000000008e800000, 0x000000008e900000, 0x000000008e900000|100%| E|CS|TAMS 0x000000008e800000, 0x000000008e800000| Complete 
|  67|0x000000008e900000, 0x000000008ea00000, 0x000000008ea00000|100%| E|CS|TAMS 0x000000008e900000, 0x000000008e900000| Complete 
|  68|0x000000008ea00000, 0x000000008eb00000, 0x000000008eb00000|100%| E|CS|TAMS 0x000000008ea00000, 0x000000008ea00000| Complete 
|  69|0x000000008eb00000, 0x000000008ec00000, 0x000000008ec00000|100%| E|CS|TAMS 0x000000008eb00000, 0x000000008eb00000| Complete 
|  70|0x000000008ec00000, 0x000000008ed00000, 0x000000008ed00000|100%| E|CS|TAMS 0x000000008ec00000, 0x000000008ec00000| Complete 
|  71|0x000000008ed00000, 0x000000008ee00000, 0x000000008ee00000|100%| E|CS|TAMS 0x000000008ed00000, 0x000000008ed00000| Complete 
|  72|0x000000008ee00000, 0x000000008ef00000, 0x000000008ef00000|100%| E|CS|TAMS 0x000000008ee00000, 0x000000008ee00000| Complete 
|  73|0x000000008ef00000, 0x000000008f000000, 0x000000008f000000|100%| E|CS|TAMS 0x000000008ef00000, 0x000000008ef00000| Complete 
|  74|0x000000008f000000, 0x000000008f100000, 0x000000008f100000|100%| E|CS|TAMS 0x000000008f000000, 0x000000008f000000| Complete 
|  75|0x000000008f100000, 0x000000008f200000, 0x000000008f200000|100%| E|CS|TAMS 0x000000008f100000, 0x000000008f100000| Complete 
|  76|0x000000008f200000, 0x000000008f300000, 0x000000008f300000|100%| E|CS|TAMS 0x000000008f200000, 0x000000008f200000| Complete 
|  77|0x000000008f300000, 0x000000008f400000, 0x000000008f400000|100%| E|CS|TAMS 0x000000008f300000, 0x000000008f300000| Complete 
|  78|0x000000008f400000, 0x000000008f500000, 0x000000008f500000|100%| E|CS|TAMS 0x000000008f400000, 0x000000008f400000| Complete 
|  79|0x000000008f500000, 0x000000008f600000, 0x000000008f600000|100%| E|CS|TAMS 0x000000008f500000, 0x000000008f500000| Complete 
|  80|0x000000008f600000, 0x000000008f700000, 0x000000008f700000|100%| E|CS|TAMS 0x000000008f600000, 0x000000008f600000| Complete 
|  81|0x000000008f700000, 0x000000008f800000, 0x000000008f800000|100%| E|CS|TAMS 0x000000008f700000, 0x000000008f700000| Complete 
|  82|0x000000008f800000, 0x000000008f900000, 0x000000008f900000|100%| E|CS|TAMS 0x000000008f800000, 0x000000008f800000| Complete 
|  83|0x000000008f900000, 0x000000008fa00000, 0x000000008fa00000|100%| E|CS|TAMS 0x000000008f900000, 0x000000008f900000| Complete 
|  84|0x000000008fa00000, 0x000000008fb00000, 0x000000008fb00000|100%| E|CS|TAMS 0x000000008fa00000, 0x000000008fa00000| Complete 
|  85|0x000000008fb00000, 0x000000008fc00000, 0x000000008fc00000|100%| E|CS|TAMS 0x000000008fb00000, 0x000000008fb00000| Complete 
|  86|0x000000008fc00000, 0x000000008fd00000, 0x000000008fd00000|100%| E|CS|TAMS 0x000000008fc00000, 0x000000008fc00000| Complete 
|  87|0x000000008fd00000, 0x000000008fe00000, 0x000000008fe00000|100%| E|CS|TAMS 0x000000008fd00000, 0x000000008fd00000| Complete 
|  88|0x000000008fe00000, 0x000000008ff00000, 0x000000008ff00000|100%| E|CS|TAMS 0x000000008fe00000, 0x000000008fe00000| Complete 
|  89|0x000000008ff00000, 0x0000000090000000, 0x0000000090000000|100%| E|CS|TAMS 0x000000008ff00000, 0x000000008ff00000| Complete 
|  90|0x0000000090000000, 0x0000000090100000, 0x0000000090100000|100%| E|CS|TAMS 0x0000000090000000, 0x0000000090000000| Complete 
|  91|0x0000000090100000, 0x0000000090200000, 0x0000000090200000|100%| E|CS|TAMS 0x0000000090100000, 0x0000000090100000| Complete 
|  92|0x0000000090200000, 0x0000000090300000, 0x0000000090300000|100%| E|CS|TAMS 0x0000000090200000, 0x0000000090200000| Complete 
|  93|0x0000000090300000, 0x0000000090400000, 0x0000000090400000|100%| E|CS|TAMS 0x0000000090300000, 0x0000000090300000| Complete 
|  94|0x0000000090400000, 0x0000000090500000, 0x0000000090500000|100%| E|CS|TAMS 0x0000000090400000, 0x0000000090400000| Complete 
|  95|0x0000000090500000, 0x0000000090600000, 0x0000000090600000|100%| E|CS|TAMS 0x0000000090500000, 0x0000000090500000| Complete 
|  96|0x0000000090600000, 0x0000000090700000, 0x0000000090700000|100%| E|CS|TAMS 0x0000000090600000, 0x0000000090600000| Complete 
|  97|0x0000000090700000, 0x0000000090800000, 0x0000000090800000|100%| E|CS|TAMS 0x0000000090700000, 0x0000000090700000| Complete 
|  98|0x0000000090800000, 0x0000000090900000, 0x0000000090900000|100%| E|CS|TAMS 0x0000000090800000, 0x0000000090800000| Complete 
|  99|0x0000000090900000, 0x0000000090a00000, 0x0000000090a00000|100%| E|CS|TAMS 0x0000000090900000, 0x0000000090900000| Complete 
| 100|0x0000000090a00000, 0x0000000090b00000, 0x0000000090b00000|100%| E|CS|TAMS 0x0000000090a00000, 0x0000000090a00000| Complete 
| 101|0x0000000090b00000, 0x0000000090c00000, 0x0000000090c00000|100%| E|CS|TAMS 0x0000000090b00000, 0x0000000090b00000| Complete 
| 102|0x0000000090c00000, 0x0000000090d00000, 0x0000000090d00000|100%| E|CS|TAMS 0x0000000090c00000, 0x0000000090c00000| Complete 
| 103|0x0000000090d00000, 0x0000000090e00000, 0x0000000090e00000|100%| E|CS|TAMS 0x0000000090d00000, 0x0000000090d00000| Complete 
| 104|0x0000000090e00000, 0x0000000090f00000, 0x0000000090f00000|100%| E|CS|TAMS 0x0000000090e00000, 0x0000000090e00000| Complete 
| 105|0x0000000090f00000, 0x0000000091000000, 0x0000000091000000|100%| E|CS|TAMS 0x0000000090f00000, 0x0000000090f00000| Complete 
| 106|0x0000000091000000, 0x0000000091100000, 0x0000000091100000|100%| E|CS|TAMS 0x0000000091000000, 0x0000000091000000| Complete 
| 107|0x0000000091100000, 0x0000000091200000, 0x0000000091200000|100%| E|CS|TAMS 0x0000000091100000, 0x0000000091100000| Complete 
| 108|0x0000000091200000, 0x0000000091300000, 0x0000000091300000|100%| E|CS|TAMS 0x0000000091200000, 0x0000000091200000| Complete 
| 109|0x0000000091300000, 0x0000000091400000, 0x0000000091400000|100%| E|CS|TAMS 0x0000000091300000, 0x0000000091300000| Complete 
| 110|0x0000000091400000, 0x0000000091500000, 0x0000000091500000|100%| E|CS|TAMS 0x0000000091400000, 0x0000000091400000| Complete 
| 111|0x0000000091500000, 0x0000000091600000, 0x0000000091600000|100%| E|CS|TAMS 0x0000000091500000, 0x0000000091500000| Complete 
| 112|0x0000000091600000, 0x0000000091700000, 0x0000000091700000|100%| E|CS|TAMS 0x0000000091600000, 0x0000000091600000| Complete 
| 113|0x0000000091700000, 0x0000000091800000, 0x0000000091800000|100%| E|CS|TAMS 0x0000000091700000, 0x0000000091700000| Complete 
| 114|0x0000000091800000, 0x0000000091900000, 0x0000000091900000|100%| E|CS|TAMS 0x0000000091800000, 0x0000000091800000| Complete 
| 115|0x0000000091900000, 0x0000000091a00000, 0x0000000091a00000|100%| E|CS|TAMS 0x0000000091900000, 0x0000000091900000| Complete 
| 116|0x0000000091a00000, 0x0000000091b00000, 0x0000000091b00000|100%| E|CS|TAMS 0x0000000091a00000, 0x0000000091a00000| Complete 
| 117|0x0000000091b00000, 0x0000000091c00000, 0x0000000091c00000|100%| E|CS|TAMS 0x0000000091b00000, 0x0000000091b00000| Complete 

Card table byte_map: [0x000001b424fc0000,0x000001b425370000] _byte_map_base: 0x000001b424b6d000

Marking Bits (Prev, Next): (CMBitMap*) 0x000001b40c86a890, (CMBitMap*) 0x000001b40c86a8d0
 Prev Bits: [0x000001b425720000, 0x000001b427488000)
 Next Bits: [0x000001b427490000, 0x000001b4291f8000)

Polling page: 0x000001b40a7a0000

Metaspace:

Usage:
  Non-class:     11.37 MB used.
      Class:      1.42 MB used.
       Both:     12.79 MB used.

Virtual space:
  Non-class space:       64.00 MB reserved,      11.50 MB ( 18%) committed,  1 nodes.
      Class space:        1.00 GB reserved,       1.56 MB ( <1%) committed,  1 nodes.
             Both:        1.06 GB reserved,      13.06 MB (  1%) committed. 

Chunk freelists:
   Non-Class:  4.48 MB
       Class:  14.42 MB
        Both:  18.91 MB

MaxMetaspaceSize: unlimited
CompressedClassSpaceSize: 1.00 GB
Initial GC threshold: 21.00 MB
Current GC threshold: 21.00 MB
CDS: on
MetaspaceReclaimPolicy: balanced
 - commit_granule_bytes: 65536.
 - commit_granule_words: 8192.
 - virtual_space_node_default_size: 8388608.
 - enlarge_chunks_in_place: 1.
 - new_chunks_are_fully_committed: 0.
 - uncommit_free_chunks: 1.
 - use_allocation_guard: 0.
 - handle_deallocations: 1.


Internal statistics:

num_allocs_failed_limit: 0.
num_arena_births: 110.
num_arena_deaths: 0.
num_vsnodes_births: 2.
num_vsnodes_deaths: 0.
num_space_committed: 209.
num_space_uncommitted: 0.
num_chunks_returned_to_freelist: 0.
num_chunks_taken_from_freelist: 499.
num_chunk_merges: 0.
num_chunk_splits: 347.
num_chunks_enlarged: 272.
num_inconsistent_stats: 0.

CodeHeap 'non-profiled nmethods': size=120000Kb used=1807Kb max_used=1807Kb free=118192Kb
 bounds [0x000001b41d190000, 0x000001b41d400000, 0x000001b4246c0000]
CodeHeap 'profiled nmethods': size=120000Kb used=7471Kb max_used=7471Kb free=112528Kb
 bounds [0x000001b4156c0000, 0x000001b415e10000, 0x000001b41cbf0000]
CodeHeap 'non-nmethods': size=5760Kb used=1519Kb max_used=1556Kb free=4241Kb
 bounds [0x000001b41cbf0000, 0x000001b41ce60000, 0x000001b41d190000]
 total_blobs=4204 nmethods=3642 adapters=474
 compilation: enabled
              stopped_count=0, restarted_count=0
 full_count=0

Compilation events (20 events):
Event: 3547.866 Thread 0x000001b42be65fc0 3638       3       net.prominic.groovyls.providers.DocumentSymbolProvider::lambda$provideDocumentSymbols$1 (107 bytes)
Event: 3547.867 Thread 0x000001b42be65fc0 nmethod 3638 0x000001b415e08c10 code [0x000001b415e08ec0, 0x000001b415e09f98]
Event: 3547.867 Thread 0x000001b42be65fc0 3634       3       org.codehaus.groovy.ast.MethodNode::setReturnType (41 bytes)
Event: 3547.867 Thread 0x000001b42be65fc0 nmethod 3634 0x000001b415e0a290 code [0x000001b415e0a440, 0x000001b415e0a6f8]
Event: 3547.868 Thread 0x000001b42be5c490 nmethod 3630 0x000001b41d351e10 code [0x000001b41d351fa0, 0x000001b41d352378]
Event: 3547.868 Thread 0x000001b42be5c490 3631       4       java.util.stream.IntPipeline$10::opWrapSink (10 bytes)
Event: 3547.870 Thread 0x000001b42be5c490 nmethod 3631 0x000001b41d352510 code [0x000001b41d3526a0, 0x000001b41d352878]
Event: 3547.870 Thread 0x000001b42be5c490 3632       4       java.util.stream.IntPipeline$10$1::begin (13 bytes)
Event: 3547.870 Thread 0x000001b42be5c490 nmethod 3632 0x000001b41d352990 code [0x000001b41d352b20, 0x000001b41d352bd8]
Event: 3626.516 Thread 0x000001b42be5c490 3639       4       java.util.ArrayList::equalsArrayList (108 bytes)
Event: 3626.517 Thread 0x000001b42be65fc0 3640       3       java.util.HashMap::treeifyBin (110 bytes)
Event: 3626.517 Thread 0x000001b42be65fc0 nmethod 3640 0x000001b415e0a790 code [0x000001b415e0a9a0, 0x000001b415e0b108]
Event: 3626.517 Thread 0x000001b42be65fc0 3642       3       groovyjarjarantlr4.v4.runtime.atn.LexerATNSimulator::addDFAEdge (11 bytes)
Event: 3626.517 Thread 0x000001b42be65fc0 nmethod 3642 0x000001b415e0b390 code [0x000001b415e0b540, 0x000001b415e0b828]
Event: 3626.519 Thread 0x000001b42be5c490 nmethod 3639 0x000001b41d352c90 code [0x000001b41d352e20, 0x000001b41d3530f8]
Event: 3626.519 Thread 0x000001b42be5c490 3643       4       java.util.Spliterator$OfInt::forEachRemaining (53 bytes)
Event: 3626.519 Thread 0x000001b42be65fc0 3645       3       org.codehaus.groovy.control.CompilationUnit$2::hasNext (10 bytes)
Event: 3626.519 Thread 0x000001b42be65fc0 nmethod 3645 0x000001b415e0b990 code [0x000001b415e0bb40, 0x000001b415e0bd08]
Event: 3626.524 Thread 0x000001b42be5c490 nmethod 3643 0x000001b41d353390 code [0x000001b41d353560, 0x000001b41d3539f8]
Event: 3626.524 Thread 0x000001b42be5c490 3644       4       org.apache.groovy.parser.antlr4.util.PositionConfigureUtils::configureAST (39 bytes)

GC Heap History (20 events):
Event: 3543.222 GC heap before
{Heap before GC invocations=105 (full 0):
 garbage-first heap   total 120832K, used 80770K [0x000000008a600000, 0x0000000100000000)
  region size 1024K, 70 young (71680K), 1 survivors (1024K)
 Metaspace       used 13069K, committed 13312K, reserved 1114112K
  class space    used 1450K, committed 1600K, reserved 1048576K
}
Event: 3543.222 GC heap after
{Heap after GC invocations=106 (full 0):
 garbage-first heap   total 120832K, used 10101K [0x000000008a600000, 0x0000000100000000)
  region size 1024K, 1 young (1024K), 1 survivors (1024K)
 Metaspace       used 13069K, committed 13312K, reserved 1114112K
  class space    used 1450K, committed 1600K, reserved 1048576K
}
Event: 3543.757 GC heap before
{Heap before GC invocations=106 (full 0):
 garbage-first heap   total 120832K, used 80757K [0x000000008a600000, 0x0000000100000000)
  region size 1024K, 70 young (71680K), 1 survivors (1024K)
 Metaspace       used 13078K, committed 13312K, reserved 1114112K
  class space    used 1450K, committed 1600K, reserved 1048576K
}
Event: 3543.757 GC heap after
{Heap after GC invocations=107 (full 0):
 garbage-first heap   total 120832K, used 10113K [0x000000008a600000, 0x0000000100000000)
  region size 1024K, 1 young (1024K), 1 survivors (1024K)
 Metaspace       used 13078K, committed 13312K, reserved 1114112K
  class space    used 1450K, committed 1600K, reserved 1048576K
}
Event: 3544.256 GC heap before
{Heap before GC invocations=107 (full 0):
 garbage-first heap   total 120832K, used 80769K [0x000000008a600000, 0x0000000100000000)
  region size 1024K, 70 young (71680K), 1 survivors (1024K)
 Metaspace       used 13079K, committed 13312K, reserved 1114112K
  class space    used 1450K, committed 1600K, reserved 1048576K
}
Event: 3544.256 GC heap after
{Heap after GC invocations=108 (full 0):
 garbage-first heap   total 120832K, used 10105K [0x000000008a600000, 0x0000000100000000)
  region size 1024K, 1 young (1024K), 1 survivors (1024K)
 Metaspace       used 13079K, committed 13312K, reserved 1114112K
  class space    used 1450K, committed 1600K, reserved 1048576K
}
Event: 3544.837 GC heap before
{Heap before GC invocations=108 (full 0):
 garbage-first heap   total 120832K, used 80761K [0x000000008a600000, 0x0000000100000000)
  region size 1024K, 70 young (71680K), 1 survivors (1024K)
 Metaspace       used 13080K, committed 13312K, reserved 1114112K
  class space    used 1450K, committed 1600K, reserved 1048576K
}
Event: 3544.838 GC heap after
{Heap after GC invocations=109 (full 0):
 garbage-first heap   total 120832K, used 10106K [0x000000008a600000, 0x0000000100000000)
  region size 1024K, 1 young (1024K), 1 survivors (1024K)
 Metaspace       used 13080K, committed 13312K, reserved 1114112K
  class space    used 1450K, committed 1600K, reserved 1048576K
}
Event: 3545.397 GC heap before
{Heap before GC invocations=109 (full 0):
 garbage-first heap   total 120832K, used 80762K [0x000000008a600000, 0x0000000100000000)
  region size 1024K, 70 young (71680K), 1 survivors (1024K)
 Metaspace       used 13080K, committed 13312K, reserved 1114112K
  class space    used 1450K, committed 1600K, reserved 1048576K
}
Event: 3545.398 GC heap after
{Heap after GC invocations=110 (full 0):
 garbage-first heap   total 120832K, used 10098K [0x000000008a600000, 0x0000000100000000)
  region size 1024K, 1 young (1024K), 1 survivors (1024K)
 Metaspace       used 13080K, committed 13312K, reserved 1114112K
  class space    used 1450K, committed 1600K, reserved 1048576K
}
Event: 3545.959 GC heap before
{Heap before GC invocations=110 (full 0):
 garbage-first heap   total 120832K, used 80754K [0x000000008a600000, 0x0000000100000000)
  region size 1024K, 70 young (71680K), 1 survivors (1024K)
 Metaspace       used 13080K, committed 13312K, reserved 1114112K
  class space    used 1450K, committed 1600K, reserved 1048576K
}
Event: 3545.960 GC heap after
{Heap after GC invocations=111 (full 0):
 garbage-first heap   total 120832K, used 10112K [0x000000008a600000, 0x0000000100000000)
  region size 1024K, 1 young (1024K), 1 survivors (1024K)
 Metaspace       used 13080K, committed 13312K, reserved 1114112K
  class space    used 1450K, committed 1600K, reserved 1048576K
}
Event: 3546.488 GC heap before
{Heap before GC invocations=111 (full 0):
 garbage-first heap   total 120832K, used 80768K [0x000000008a600000, 0x0000000100000000)
  region size 1024K, 70 young (71680K), 1 survivors (1024K)
 Metaspace       used 13080K, committed 13312K, reserved 1114112K
  class space    used 1450K, committed 1600K, reserved 1048576K
}
Event: 3546.488 GC heap after
{Heap after GC invocations=112 (full 0):
 garbage-first heap   total 120832K, used 10100K [0x000000008a600000, 0x0000000100000000)
  region size 1024K, 1 young (1024K), 1 survivors (1024K)
 Metaspace       used 13080K, committed 13312K, reserved 1114112K
  class space    used 1450K, committed 1600K, reserved 1048576K
}
Event: 3547.002 GC heap before
{Heap before GC invocations=112 (full 0):
 garbage-first heap   total 120832K, used 80756K [0x000000008a600000, 0x0000000100000000)
  region size 1024K, 70 young (71680K), 1 survivors (1024K)
 Metaspace       used 13082K, committed 13376K, reserved 1114112K
  class space    used 1450K, committed 1600K, reserved 1048576K
}
Event: 3547.003 GC heap after
{Heap after GC invocations=113 (full 0):
 garbage-first heap   total 120832K, used 10104K [0x000000008a600000, 0x0000000100000000)
  region size 1024K, 1 young (1024K), 1 survivors (1024K)
 Metaspace       used 13082K, committed 13376K, reserved 1114112K
  class space    used 1450K, committed 1600K, reserved 1048576K
}
Event: 3547.544 GC heap before
{Heap before GC invocations=113 (full 0):
 garbage-first heap   total 120832K, used 80760K [0x000000008a600000, 0x0000000100000000)
  region size 1024K, 70 young (71680K), 1 survivors (1024K)
 Metaspace       used 13088K, committed 13376K, reserved 1114112K
  class space    used 1450K, committed 1600K, reserved 1048576K
}
Event: 3547.544 GC heap after
{Heap after GC invocations=114 (full 0):
 garbage-first heap   total 120832K, used 10108K [0x000000008a600000, 0x0000000100000000)
  region size 1024K, 1 young (1024K), 1 survivors (1024K)
 Metaspace       used 13088K, committed 13376K, reserved 1114112K
  class space    used 1450K, committed 1600K, reserved 1048576K
}
Event: 3625.950 GC heap before
{Heap before GC invocations=114 (full 0):
 garbage-first heap   total 120832K, used 80764K [0x000000008a600000, 0x0000000100000000)
  region size 1024K, 70 young (71680K), 1 survivors (1024K)
 Metaspace       used 13092K, committed 13376K, reserved 1114112K
  class space    used 1450K, committed 1600K, reserved 1048576K
}
Event: 3625.951 GC heap after
{Heap after GC invocations=115 (full 0):
 garbage-first heap   total 120832K, used 10106K [0x000000008a600000, 0x0000000100000000)
  region size 1024K, 1 young (1024K), 1 survivors (1024K)
 Metaspace       used 13092K, committed 13376K, reserved 1114112K
  class space    used 1450K, committed 1600K, reserved 1048576K
}

Dll operation events (9 events):
Event: 0.025 Loaded shared library C:\Program Files\OpenLogic\jdk-17.0.12.7-hotspot\bin\java.dll
Event: 0.077 Loaded shared library C:\Program Files\OpenLogic\jdk-17.0.12.7-hotspot\bin\jsvml.dll
Event: 0.104 Loaded shared library C:\Program Files\OpenLogic\jdk-17.0.12.7-hotspot\bin\net.dll
Event: 0.106 Loaded shared library C:\Program Files\OpenLogic\jdk-17.0.12.7-hotspot\bin\nio.dll
Event: 0.116 Loaded shared library C:\Program Files\OpenLogic\jdk-17.0.12.7-hotspot\bin\zip.dll
Event: 0.232 Loaded shared library C:\Program Files\OpenLogic\jdk-17.0.12.7-hotspot\bin\jimage.dll
Event: 0.308 Loaded shared library C:\Program Files\OpenLogic\jdk-17.0.12.7-hotspot\bin\verify.dll
Event: 2.112 Loaded shared library C:\Program Files\OpenLogic\jdk-17.0.12.7-hotspot\bin\management.dll
Event: 2.119 Loaded shared library C:\Program Files\OpenLogic\jdk-17.0.12.7-hotspot\bin\management_ext.dll

Deoptimization events (20 events):
Event: 3523.240 Thread 0x000001b47139d020 DEOPT PACKING pc=0x000001b415a5649b sp=0x00000043a94fcd50
Event: 3523.240 Thread 0x000001b47139d020 DEOPT UNPACKING pc=0x000001b41cc47143 sp=0x00000043a94fc1f0 mode 0
Event: 3523.244 Thread 0x000001b47139d020 Uncommon trap: trap_request=0xffffffde fr.pc=0x000001b41d2e0360 relative=0x00000000000000c0
Event: 3523.244 Thread 0x000001b47139d020 Uncommon trap: reason=class_check action=maybe_recompile pc=0x000001b41d2e0360 method=groovyjarjarantlr4.v4.runtime.dfa.DFA.isEmpty()Z @ 20 c2
Event: 3523.244 Thread 0x000001b47139d020 DEOPT PACKING pc=0x000001b41d2e0360 sp=0x00000043a94fcef0
Event: 3523.244 Thread 0x000001b47139d020 DEOPT UNPACKING pc=0x000001b41cc469a3 sp=0x00000043a94fce88 mode 2
Event: 3523.245 Thread 0x000001b47139d020 DEOPT PACKING pc=0x000001b415a56364 sp=0x00000043a94fcb50
Event: 3523.245 Thread 0x000001b47139d020 DEOPT UNPACKING pc=0x000001b41cc47143 sp=0x00000043a94fbff0 mode 0
Event: 3523.249 Thread 0x000001b47139d020 DEOPT PACKING pc=0x000001b415a749d9 sp=0x00000043a94fba40
Event: 3523.249 Thread 0x000001b47139d020 DEOPT UNPACKING pc=0x000001b41cc47143 sp=0x00000043a94faf98 mode 0
Event: 3523.250 Thread 0x000001b47139d020 DEOPT PACKING pc=0x000001b415a56364 sp=0x00000043a94fc240
Event: 3523.250 Thread 0x000001b47139d020 DEOPT UNPACKING pc=0x000001b41cc47143 sp=0x00000043a94fb6e0 mode 0
Event: 3536.051 Thread 0x000001b47139d020 Uncommon trap: trap_request=0xffffffde fr.pc=0x000001b41d2b33f8 relative=0x00000000000000d8
Event: 3536.051 Thread 0x000001b47139d020 Uncommon trap: reason=class_check action=maybe_recompile pc=0x000001b41d2b33f8 method=groovyjarjarantlr4.v4.runtime.atn.SingletonPredictionContext.equals(Ljava/lang/Object;)Z @ 8 c2
Event: 3536.051 Thread 0x000001b47139d020 DEOPT PACKING pc=0x000001b41d2b33f8 sp=0x00000043a94f9f10
Event: 3536.051 Thread 0x000001b47139d020 DEOPT UNPACKING pc=0x000001b41cc469a3 sp=0x00000043a94f9ea8 mode 2
Event: 3536.051 Thread 0x000001b47139d020 Uncommon trap: trap_request=0xffffffde fr.pc=0x000001b41d2b33f8 relative=0x00000000000000d8
Event: 3536.051 Thread 0x000001b47139d020 Uncommon trap: reason=class_check action=maybe_recompile pc=0x000001b41d2b33f8 method=groovyjarjarantlr4.v4.runtime.atn.SingletonPredictionContext.equals(Ljava/lang/Object;)Z @ 8 c2
Event: 3536.051 Thread 0x000001b47139d020 DEOPT PACKING pc=0x000001b41d2b33f8 sp=0x00000043a94f9f10
Event: 3536.051 Thread 0x000001b47139d020 DEOPT UNPACKING pc=0x000001b41cc469a3 sp=0x00000043a94f9ea8 mode 2

Classes loaded (20 events):
Event: 2729.366 Loading class sun/net/www/protocol/jar/JarURLConnection$JarURLInputStream
Event: 2729.366 Loading class sun/net/www/protocol/jar/JarURLConnection$JarURLInputStream done
Event: 3247.195 Loading class java/lang/CLIENT_IMAGE
Event: 3247.196 Loading class java/lang/CLIENT_IMAGE done
Event: 3247.196 Loading class java/util/CLIENT_IMAGE
Event: 3247.196 Loading class java/util/CLIENT_IMAGE done
Event: 3247.196 Loading class java/io/CLIENT_IMAGE
Event: 3247.196 Loading class java/io/CLIENT_IMAGE done
Event: 3247.196 Loading class java/net/CLIENT_IMAGE
Event: 3247.196 Loading class java/net/CLIENT_IMAGE done
Event: 3247.199 Loading class java/lang/SERVER_IMAGE
Event: 3247.199 Loading class java/lang/SERVER_IMAGE done
Event: 3247.199 Loading class java/util/SERVER_IMAGE
Event: 3247.199 Loading class java/util/SERVER_IMAGE done
Event: 3247.199 Loading class java/io/SERVER_IMAGE
Event: 3247.199 Loading class java/io/SERVER_IMAGE done
Event: 3247.199 Loading class java/net/SERVER_IMAGE
Event: 3247.199 Loading class java/net/SERVER_IMAGE done
Event: 3280.936 Loading class jdk/internal/reflect/UnsafeBooleanFieldAccessorImpl
Event: 3280.936 Loading class jdk/internal/reflect/UnsafeBooleanFieldAccessorImpl done

Classes unloaded (0 events):
No events

Classes redefined (0 events):
No events

Internal exceptions (20 events):
Event: 3534.122 Thread 0x000001b47139d020 Exception <a 'sun/nio/fs/WindowsException'{0x000000008fa9b5d0}> (0x000000008fa9b5d0) 
thrown [s\src\hotspot\share\prims\jni.cpp, line 516]
Event: 3535.436 Thread 0x000001b47139d020 Exception <a 'sun/nio/fs/WindowsException'{0x000000008ee82080}> (0x000000008ee82080) 
thrown [s\src\hotspot\share\prims\jni.cpp, line 516]
Event: 3536.287 Thread 0x000001b47139d020 Exception <a 'sun/nio/fs/WindowsException'{0x000000008df02a98}> (0x000000008df02a98) 
thrown [s\src\hotspot\share\prims\jni.cpp, line 516]
Event: 3537.628 Thread 0x000001b47139d020 Exception <a 'sun/nio/fs/WindowsException'{0x00000000918f5df0}> (0x00000000918f5df0) 
thrown [s\src\hotspot\share\prims\jni.cpp, line 516]
Event: 3538.232 Thread 0x000001b47139d020 Exception <a 'sun/nio/fs/WindowsException'{0x0000000090cd8fb8}> (0x0000000090cd8fb8) 
thrown [s\src\hotspot\share\prims\jni.cpp, line 516]
Event: 3538.889 Thread 0x000001b47139d020 Exception <a 'sun/nio/fs/WindowsException'{0x00000000900bd040}> (0x00000000900bd040) 
thrown [s\src\hotspot\share\prims\jni.cpp, line 516]
Event: 3539.597 Thread 0x000001b47139d020 Exception <a 'sun/nio/fs/WindowsException'{0x000000008f4a37c0}> (0x000000008f4a37c0) 
thrown [s\src\hotspot\share\prims\jni.cpp, line 516]
Event: 3540.374 Thread 0x000001b47139d020 Exception <a 'sun/nio/fs/WindowsException'{0x000000008e887048}> (0x000000008e887048) 
thrown [s\src\hotspot\share\prims\jni.cpp, line 516]
Event: 3541.526 Thread 0x000001b47139d020 Exception <a 'sun/nio/fs/WindowsException'{0x000000008dc70918}> (0x000000008dc70918) 
thrown [s\src\hotspot\share\prims\jni.cpp, line 516]
Event: 3542.210 Thread 0x000001b47139d020 Exception <a 'sun/nio/fs/WindowsException'{0x0000000091558650}> (0x0000000091558650) 
thrown [s\src\hotspot\share\prims\jni.cpp, line 516]
Event: 3542.878 Thread 0x000001b47139d020 Exception <a 'sun/nio/fs/WindowsException'{0x000000009093f2f8}> (0x000000009093f2f8) 
thrown [s\src\hotspot\share\prims\jni.cpp, line 516]
Event: 3543.457 Thread 0x000001b47139d020 Exception <a 'sun/nio/fs/WindowsException'{0x000000008fd260f8}> (0x000000008fd260f8) 
thrown [s\src\hotspot\share\prims\jni.cpp, line 516]
Event: 3544.094 Thread 0x000001b47139d020 Exception <a 'sun/nio/fs/WindowsException'{0x000000008f108670}> (0x000000008f108670) 
thrown [s\src\hotspot\share\prims\jni.cpp, line 516]
Event: 3544.705 Thread 0x000001b47139d020 Exception <a 'sun/nio/fs/WindowsException'{0x000000008e6f3ab8}> (0x000000008e6f3ab8) 
thrown [s\src\hotspot\share\prims\jni.cpp, line 516]
Event: 3545.355 Thread 0x000001b47139d020 Exception <a 'sun/nio/fs/WindowsException'{0x000000008dad5a20}> (0x000000008dad5a20) 
thrown [s\src\hotspot\share\prims\jni.cpp, line 516]
Event: 3546.027 Thread 0x000001b47139d020 Exception <a 'sun/nio/fs/WindowsException'{0x00000000913b8890}> (0x00000000913b8890) 
thrown [s\src\hotspot\share\prims\jni.cpp, line 516]
Event: 3546.656 Thread 0x000001b47139d020 Exception <a 'sun/nio/fs/WindowsException'{0x000000009079f400}> (0x000000009079f400) 
thrown [s\src\hotspot\share\prims\jni.cpp, line 516]
Event: 3547.300 Thread 0x000001b47139d020 Exception <a 'sun/nio/fs/WindowsException'{0x000000008fb82098}> (0x000000008fb82098) 
thrown [s\src\hotspot\share\prims\jni.cpp, line 516]
Event: 3625.711 Thread 0x000001b47139d020 Exception <a 'sun/nio/fs/WindowsException'{0x000000008ef659d0}> (0x000000008ef659d0) 
thrown [s\src\hotspot\share\prims\jni.cpp, line 516]
Event: 3626.519 Thread 0x000001b47139d020 Exception <a 'sun/nio/fs/WindowsException'{0x000000008e23c3e0}> (0x000000008e23c3e0) 
thrown [s\src\hotspot\share\prims\jni.cpp, line 516]

VM Operations (20 events):
Event: 3543.757 Executing VM operation: G1CollectForAllocation
Event: 3543.757 Executing VM operation: G1CollectForAllocation done
Event: 3544.255 Executing VM operation: G1CollectForAllocation
Event: 3544.256 Executing VM operation: G1CollectForAllocation done
Event: 3544.837 Executing VM operation: G1CollectForAllocation
Event: 3544.838 Executing VM operation: G1CollectForAllocation done
Event: 3545.397 Executing VM operation: G1CollectForAllocation
Event: 3545.398 Executing VM operation: G1CollectForAllocation done
Event: 3545.959 Executing VM operation: G1CollectForAllocation
Event: 3545.960 Executing VM operation: G1CollectForAllocation done
Event: 3546.488 Executing VM operation: G1CollectForAllocation
Event: 3546.488 Executing VM operation: G1CollectForAllocation done
Event: 3547.002 Executing VM operation: G1CollectForAllocation
Event: 3547.003 Executing VM operation: G1CollectForAllocation done
Event: 3547.544 Executing VM operation: G1CollectForAllocation
Event: 3547.544 Executing VM operation: G1CollectForAllocation done
Event: 3548.548 Executing VM operation: Cleanup
Event: 3548.548 Executing VM operation: Cleanup done
Event: 3625.950 Executing VM operation: G1CollectForAllocation
Event: 3625.951 Executing VM operation: G1CollectForAllocation done

Events (20 events):
Event: 0.264 Thread 0x000001b40c814550 Thread added: 0x000001b40c814550
Event: 0.409 Thread 0x000001b42be66a60 Thread added: 0x000001b42be66a60
Event: 0.810 Thread 0x000001b42be66a60 Thread exited: 0x000001b42be66a60
Event: 0.811 Thread 0x000001b42be65520 Thread exited: 0x000001b42be65520
Event: 2.149 Thread 0x000001b4716cdf20 Thread added: 0x000001b4716cdf20
Event: 2.155 Thread 0x000001b4716cdf20 Thread exited: 0x000001b4716cdf20
Event: 2.735 Thread 0x000001b47158e2c0 Thread added: 0x000001b47158e2c0
Event: 2.735 Thread 0x000001b47158e2c0 Thread exited: 0x000001b47158e2c0
Event: 3.319 Thread 0x000001b42be64fd0 Thread added: 0x000001b42be64fd0
Event: 6.736 Thread 0x000001b42be64fd0 Thread exited: 0x000001b42be64fd0
Event: 2259.888 Thread 0x000001b42be66a60 Thread added: 0x000001b42be66a60
Event: 2259.889 Thread 0x000001b42be65a70 Thread added: 0x000001b42be65a70
Event: 2260.706 Thread 0x000001b42be65a70 Thread exited: 0x000001b42be65a70
Event: 2260.706 Thread 0x000001b42be66a60 Thread exited: 0x000001b42be66a60
Event: 2651.187 Thread 0x000001b42be65a70 Thread added: 0x000001b42be65a70
Event: 2656.216 Thread 0x000001b42be65a70 Thread exited: 0x000001b42be65a70
Event: 2709.690 Thread 0x000001b42be66a60 Thread added: 0x000001b42be66a60
Event: 2715.415 Thread 0x000001b42be66a60 Thread exited: 0x000001b42be66a60
Event: 2729.272 Thread 0x000001b42be64fd0 Thread added: 0x000001b42be64fd0
Event: 2731.185 Thread 0x000001b42be64fd0 Thread exited: 0x000001b42be64fd0


Dynamic libraries:
0x00007ff63c1d0000 - 0x00007ff63c1de000 	C:\Program Files\OpenLogic\jdk-17.0.12.7-hotspot\bin\java.exe
0x00007ff93f030000 - 0x00007ff93f248000 	C:\WINDOWS\SYSTEM32\ntdll.dll
0x00007ff93d770000 - 0x00007ff93d834000 	C:\WINDOWS\System32\KERNEL32.DLL
0x00007ff93c260000 - 0x00007ff93c633000 	C:\WINDOWS\System32\KERNELBASE.dll
0x00007ff93c140000 - 0x00007ff93c251000 	C:\WINDOWS\System32\ucrtbase.dll
0x00007ff932790000 - 0x00007ff9327ab000 	C:\Program Files\OpenLogic\jdk-17.0.12.7-hotspot\bin\VCRUNTIME140.dll
0x00007ff90d340000 - 0x00007ff90d357000 	C:\Program Files\OpenLogic\jdk-17.0.12.7-hotspot\bin\jli.dll
0x00007ff93d870000 - 0x00007ff93da22000 	C:\WINDOWS\System32\USER32.dll
0x00007ff93c760000 - 0x00007ff93c786000 	C:\WINDOWS\System32\win32u.dll
0x00007ff92b300000 - 0x00007ff92b59c000 	C:\WINDOWS\WinSxS\amd64_microsoft.windows.common-controls_6595b64144ccf1df_6.0.22621.6060_none_2712eda17382d24b\COMCTL32.dll
0x00007ff93d840000 - 0x00007ff93d869000 	C:\WINDOWS\System32\GDI32.dll
0x00007ff93cd60000 - 0x00007ff93ce07000 	C:\WINDOWS\System32\msvcrt.dll
0x00007ff93cb30000 - 0x00007ff93cc4b000 	C:\WINDOWS\System32\gdi32full.dll
0x00007ff93c640000 - 0x00007ff93c6da000 	C:\WINDOWS\System32\msvcp_win.dll
0x00007ff93ce20000 - 0x00007ff93ce51000 	C:\WINDOWS\System32\IMM32.DLL
0x00007ff91ca00000 - 0x00007ff91ca1a000 	C:\Windows\system32\sessapart64.dll
0x00007ff935510000 - 0x00007ff93551c000 	C:\Program Files\OpenLogic\jdk-17.0.12.7-hotspot\bin\vcruntime140_1.dll
0x00007ff8e1710000 - 0x00007ff8e179d000 	C:\Program Files\OpenLogic\jdk-17.0.12.7-hotspot\bin\msvcp140.dll
0x00007ff8aca30000 - 0x00007ff8ad69a000 	C:\Program Files\OpenLogic\jdk-17.0.12.7-hotspot\bin\server\jvm.dll
0x00007ff93e3e0000 - 0x00007ff93e491000 	C:\WINDOWS\System32\ADVAPI32.dll
0x00007ff93e9f0000 - 0x00007ff93ea98000 	C:\WINDOWS\System32\sechost.dll
0x00007ff93c9c0000 - 0x00007ff93c9e8000 	C:\WINDOWS\System32\bcrypt.dll
0x00007ff93d4f0000 - 0x00007ff93d608000 	C:\WINDOWS\System32\RPCRT4.dll
0x00007ff93eaa0000 - 0x00007ff93eb11000 	C:\WINDOWS\System32\WS2_32.dll
0x00007ff93af50000 - 0x00007ff93af9d000 	C:\WINDOWS\SYSTEM32\POWRPROF.dll
0x00007ff937120000 - 0x00007ff937154000 	C:\WINDOWS\SYSTEM32\WINMM.dll
0x00007ff936330000 - 0x00007ff93633a000 	C:\WINDOWS\SYSTEM32\VERSION.dll
0x00007ff93af30000 - 0x00007ff93af43000 	C:\WINDOWS\SYSTEM32\UMPDC.dll
0x00007ff93b1d0000 - 0x00007ff93b1e8000 	C:\WINDOWS\SYSTEM32\kernel.appcore.dll
0x00007ff933820000 - 0x00007ff93382a000 	C:\Program Files\OpenLogic\jdk-17.0.12.7-hotspot\bin\jimage.dll
0x00007ff932920000 - 0x00007ff932b53000 	C:\WINDOWS\SYSTEM32\DBGHELP.DLL
0x00007ff93eb20000 - 0x00007ff93eeb1000 	C:\WINDOWS\System32\combase.dll
0x00007ff93d690000 - 0x00007ff93d768000 	C:\WINDOWS\System32\OLEAUT32.dll
0x00007ff91bf90000 - 0x00007ff91bfc2000 	C:\WINDOWS\SYSTEM32\dbgcore.DLL
0x00007ff93cc50000 - 0x00007ff93cccb000 	C:\WINDOWS\System32\bcryptPrimitives.dll
0x00007ff90d1b0000 - 0x00007ff90d1d5000 	C:\Program Files\OpenLogic\jdk-17.0.12.7-hotspot\bin\java.dll
0x00007ff8ac950000 - 0x00007ff8aca26000 	C:\Program Files\OpenLogic\jdk-17.0.12.7-hotspot\bin\jsvml.dll
0x00007ff93db40000 - 0x00007ff93e3dc000 	C:\WINDOWS\System32\SHELL32.dll
0x00007ff93c9f0000 - 0x00007ff93cb2f000 	C:\WINDOWS\System32\wintypes.dll
0x00007ff93a000000 - 0x00007ff93a91a000 	C:\WINDOWS\SYSTEM32\windows.storage.dll
0x00007ff93e880000 - 0x00007ff93e984000 	C:\WINDOWS\System32\SHCORE.dll
0x00007ff93d610000 - 0x00007ff93d679000 	C:\WINDOWS\System32\shlwapi.dll
0x00007ff93c070000 - 0x00007ff93c095000 	C:\WINDOWS\SYSTEM32\profapi.dll
0x00007ff905ff0000 - 0x00007ff906009000 	C:\Program Files\OpenLogic\jdk-17.0.12.7-hotspot\bin\net.dll
0x00007ff937520000 - 0x00007ff93764c000 	C:\WINDOWS\SYSTEM32\WINHTTP.dll
0x00007ff93b690000 - 0x00007ff93b6f9000 	C:\WINDOWS\system32\mswsock.dll
0x00007ff905060000 - 0x00007ff905076000 	C:\Program Files\OpenLogic\jdk-17.0.12.7-hotspot\bin\nio.dll
0x00007ff8fd790000 - 0x00007ff8fd7a8000 	C:\Program Files\OpenLogic\jdk-17.0.12.7-hotspot\bin\zip.dll
0x00007ff932670000 - 0x00007ff932680000 	C:\Program Files\OpenLogic\jdk-17.0.12.7-hotspot\bin\verify.dll
0x00007ff920280000 - 0x00007ff920289000 	C:\Program Files\OpenLogic\jdk-17.0.12.7-hotspot\bin\management.dll
0x00007ff920100000 - 0x00007ff92010b000 	C:\Program Files\OpenLogic\jdk-17.0.12.7-hotspot\bin\management_ext.dll
0x00007ff93ce10000 - 0x00007ff93ce18000 	C:\WINDOWS\System32\PSAPI.DLL

dbghelp: loaded successfully - version: 4.0.5 - missing functions: none
symbol engine: initialized successfully - sym options: 0x614 - pdb path: .;C:\Program Files\OpenLogic\jdk-17.0.12.7-hotspot\bin;C:\WINDOWS\SYSTEM32;C:\WINDOWS\WinSxS\amd64_microsoft.windows.common-controls_6595b64144ccf1df_6.0.22621.6060_none_2712eda17382d24b;C:\Program Files\OpenLogic\jdk-17.0.12.7-hotspot\bin\server

VM Arguments:
java_command: c:\Users\niles\.cursor\extensions\dontshavetheyak.groovy-guru-0.6.0-universal\bin\groovy-language-server-all.jar
java_class_path (initial): c:\Users\niles\.cursor\extensions\dontshavetheyak.groovy-guru-0.6.0-universal\bin\groovy-language-server-all.jar
Launcher Type: SUN_STANDARD

[Global flags]
     intx CICompilerCount                          = 4                                         {product} {ergonomic}
     uint ConcGCThreads                            = 3                                         {product} {ergonomic}
     uint G1ConcRefinementThreads                  = 10                                        {product} {ergonomic}
   size_t G1HeapRegionSize                         = 1048576                                   {product} {ergonomic}
    uintx GCDrainStackTargetSize                   = 64                                        {product} {ergonomic}
   size_t InitialHeapSize                          = 123731968                                 {product} {ergonomic}
   size_t MarkStackSize                            = 4194304                                   {product} {ergonomic}
   size_t MaxHeapSize                              = 1973420032                                {product} {ergonomic}
   size_t MaxNewSize                               = 1183842304                                {product} {ergonomic}
   size_t MinHeapDeltaBytes                        = 1048576                                   {product} {ergonomic}
   size_t MinHeapSize                              = 8388608                                   {product} {ergonomic}
    uintx NonNMethodCodeHeapSize                   = 5839372                                {pd product} {ergonomic}
    uintx NonProfiledCodeHeapSize                  = 122909434                              {pd product} {ergonomic}
    uintx ProfiledCodeHeapSize                     = 122909434                              {pd product} {ergonomic}
    uintx ReservedCodeCacheSize                    = 251658240                              {pd product} {ergonomic}
     bool SegmentedCodeCache                       = true                                      {product} {ergonomic}
   size_t SoftMaxHeapSize                          = 1973420032                             {manageable} {ergonomic}
     bool UseCompressedClassPointers               = true                           {product lp64_product} {ergonomic}
     bool UseCompressedOops                        = true                           {product lp64_product} {ergonomic}
     bool UseG1GC                                  = true                                      {product} {ergonomic}
     bool UseLargePagesIndividualAllocation        = false                                  {pd product} {ergonomic}

Logging:
Log output configuration:
 #0: stdout all=warning uptime,level,tags
 #1: stderr all=off uptime,level,tags

Environment Variables:
JAVA_HOME=C:\Program Files\OpenLogic\jdk-17.0.12.7-hotspot\
PATH=c:\Users\niles\AppData\Local\Programs\cursor\resources\app\bin;C:\Python312\Scripts\;C:\Python312\;C:\Program Files\OpenLogic\jdk-17.0.12.7-hotspot\bin;C:\Program Files\OpenLogic\jdk-11.0.24.8-hotspot\bin;C:\windows\system32;C:\windows;C:\windows\System32\Wbem;C:\windows\System32\WindowsPowerShell\v1.0\;C:\windows\System32\OpenSSH\;C:\Program Files (x86)\NVIDIA Corporation\PhysX\Common;C:\Program Files\NVIDIA Corporation\NVIDIA NvDLISR;C:\MinGW\bin\;C:\ProgramData\chocolatey\bin;C:\Program Files\Java\jdk1.8.0_341\bin;C:\Program Files\dotnet\;C:\Program Files\Microsoft SQL Server\Client SDK\ODBC\170\Tools\Binn\;C:\Program Files (x86)\Microsoft SQL Server\150\Tools\Binn\;C:\Program Files\Microsoft SQL Server\150\Tools\Binn\;C:\Program Files\Microsoft SQL Server\150\DTS\Binn\;C:\Program Files (x86)\Microsoft SQL Server\150\DTS\Binn\;C:\Program Files\Azure Data Studio\bin;C:\WINDOWS\system32;C:\WINDOWS;C:\WINDOWS\System32\Wbem;C:\WINDOWS\System32\WindowsPowerShell\v1.0\;C:\WINDOWS\System32\OpenSSH\;D:\AI\Git\cmd;c:\Users\niles\AppData\Local\Programs\cursor\resources\app\bin;C:\Program Files\Docker\Docker\resources\bin;C:\;C:\node_modules\npm\bin;C:\Program Files\HP\HP One Agent;C:\Users\niles\anaconda3;C:\Users\niles\anaconda3\condabin;C:\Program Files\PostgreSQL\17\bin;C:\Program Files\Apache\Maven\apache-maven-3.9.10\bin;C:\Users\niles\.cargo\bin;E:\anaconda3;E:\anaconda3\Library\mingw-w64\bin;E:\anaconda3\Library\usr\bin;E:\anaconda3\Library\bin;E:\anaconda3\Scripts;C:\Users\niles\AppData\Local\pnpm;E:\python\Scripts\;E:\python\;C:\Users\niles\AppData\Local\Programs\Python\Python310\Scripts\;C:\Users\niles\AppData\Local\Programs\Python\Python310\;C:\Users\niles\AppData\Local\Microsoft\WindowsApps;C:\Users\niles\AppData\Local\Programs\Microsoft VS Code\bin;C:\MinGW\bin;C:\Program Files\Python\Scripts;C:\Program Files\Java\jdk1.8.0_341\bin;C:\Users\niles\.dotnet\tools;C:\Users\niles\AppData\Local\GitHubDesktop\bin;C:\Program Files\heroku\bin;D:\Pycharm\bin;C:\Program
USERNAME=niles
OS=Windows_NT
PROCESSOR_IDENTIFIER=AMD64 Family 25 Model 80 Stepping 0, AuthenticAMD
TMP=C:\Users\niles\AppData\Local\Temp
TEMP=C:\Users\niles\AppData\Local\Temp



Periodic native trim disabled


---------------  S Y S T E M  ---------------

OS:
 Windows 11 , 64 bit Build 22621 (10.0.22621.5415)
OS uptime: 0 days 1:35 hours
Hyper-V role detected

CPU: total 12 (initial active 12) (12 cores per cpu, 2 threads per core) family 25 model 80 stepping 0 microcode 0x0, cx8, cmov, fxsr, ht, mmx, 3dnowpref, sse, sse2, sse3, ssse3, sse4a, sse4.1, sse4.2, popcnt, lzcnt, tsc, tscinvbit, avx, avx2, aes, erms, clmul, bmi1, bmi2, adx, sha, fma, vzeroupper, clflush, clflushopt, hv
Processor Information for processor 0
  Max Mhz: 3301, Current Mhz: 3301, Mhz Limit: 3301
Processor Information for processor 1
  Max Mhz: 3301, Current Mhz: 3301, Mhz Limit: 3301
Processor Information for processor 2
  Max Mhz: 3301, Current Mhz: 2630, Mhz Limit: 3301
Processor Information for processor 3
  Max Mhz: 3301, Current Mhz: 3301, Mhz Limit: 3301
Processor Information for processor 4
  Max Mhz: 3301, Current Mhz: 3301, Mhz Limit: 3301
Processor Information for processor 5
  Max Mhz: 3301, Current Mhz: 2630, Mhz Limit: 3301
Processor Information for processor 6
  Max Mhz: 3301, Current Mhz: 2630, Mhz Limit: 3301
Processor Information for processor 7
  Max Mhz: 3301, Current Mhz: 3301, Mhz Limit: 3301
Processor Information for processor 8
  Max Mhz: 3301, Current Mhz: 2630, Mhz Limit: 3301
Processor Information for processor 9
  Max Mhz: 3301, Current Mhz: 3301, Mhz Limit: 3301
Processor Information for processor 10
  Max Mhz: 3301, Current Mhz: 2630, Mhz Limit: 3301
Processor Information for processor 11
  Max Mhz: 3301, Current Mhz: 3301, Mhz Limit: 3301

Memory: 4k page, system-wide physical 7521M (311M free)
TotalPageFile size 31073M (AvailPageFile size 0M)
current process WorkingSet (physical memory assigned to process): 112M, peak: 139M
current process commit charge ("private bytes"): 230M, peak: 247M

vm_info: OpenJDK 64-Bit Server VM (17.0.12+7-adhoc..jdk17u) for windows-amd64 JRE (17.0.12+7-adhoc..jdk17u), built on Jul 19 2024 06:16:42 by "" with MS VC++ 16.10 / 16.11 (VS2019)

END.
